kotlin version: 2.0.21
error message: org.jetbrains.kotlin.backend.common.BackendException: Backend Internal error: Exception during IR lowering
File being compiled: C:/Users/nyath/AndroidStudioProjects/MAD_Project/app/build/generated/ksp/debug/kotlin/AppDatabase_Impl.kt
The root cause java.lang.RuntimeException was thrown at: org.jetbrains.kotlin.backend.jvm.codegen.FunctionCodegen.generate(FunctionCodegen.kt:47)
	at org.jetbrains.kotlin.backend.common.CodegenUtil.reportBackendException(CodegenUtil.kt:253)
	at org.jetbrains.kotlin.backend.common.CodegenUtil.reportBackendException$default(CodegenUtil.kt:236)
	at org.jetbrains.kotlin.backend.common.phaser.PerformByIrFilePhase.invokeSequential(performByIrFile.kt:65)
	at org.jetbrains.kotlin.backend.common.phaser.PerformByIrFilePhase.invoke(performByIrFile.kt:52)
	at org.jetbrains.kotlin.backend.common.phaser.PerformByIrFilePhase.invoke(performByIrFile.kt:38)
	at org.jetbrains.kotlin.backend.common.phaser.NamedCompilerPhase.phaseBody(CompilerPhase.kt:166)
	at org.jetbrains.kotlin.backend.common.phaser.AbstractNamedCompilerPhase.invoke(CompilerPhase.kt:113)
	at org.jetbrains.kotlin.backend.common.phaser.CompositePhase.invoke(PhaseBuilders.kt:27)
	at org.jetbrains.kotlin.backend.common.phaser.CompositePhase.invoke(PhaseBuilders.kt:14)
	at org.jetbrains.kotlin.backend.common.phaser.NamedCompilerPhase.phaseBody(CompilerPhase.kt:166)
	at org.jetbrains.kotlin.backend.common.phaser.AbstractNamedCompilerPhase.invoke(CompilerPhase.kt:113)
	at org.jetbrains.kotlin.backend.common.phaser.CompilerPhaseKt.invokeToplevel(CompilerPhase.kt:62)
	at org.jetbrains.kotlin.backend.jvm.JvmIrCodegenFactory.invokeCodegen(JvmIrCodegenFactory.kt:371)
	at org.jetbrains.kotlin.codegen.CodegenFactory.generateModule(CodegenFactory.kt:47)
	at org.jetbrains.kotlin.backend.jvm.JvmIrCodegenFactory.generateModuleInFrontendIRMode(JvmIrCodegenFactory.kt:433)
	at org.jetbrains.kotlin.cli.jvm.compiler.pipeline.JvmCompilerPipelineKt.generateCodeFromIr(jvmCompilerPipeline.kt:246)
	at org.jetbrains.kotlin.cli.jvm.compiler.pipeline.JvmCompilerPipelineKt.compileModulesUsingFrontendIrAndLightTree(jvmCompilerPipeline.kt:142)
	at org.jetbrains.kotlin.cli.jvm.K2JVMCompiler.doExecute(K2JVMCompiler.kt:148)
	at org.jetbrains.kotlin.cli.jvm.K2JVMCompiler.doExecute(K2JVMCompiler.kt:43)
	at org.jetbrains.kotlin.cli.common.CLICompiler.execImpl(CLICompiler.kt:103)
	at org.jetbrains.kotlin.cli.common.CLICompiler.execImpl(CLICompiler.kt:49)
	at org.jetbrains.kotlin.cli.common.CLITool.exec(CLITool.kt:101)
	at org.jetbrains.kotlin.incremental.IncrementalJvmCompilerRunner.runCompiler(IncrementalJvmCompilerRunner.kt:464)
	at org.jetbrains.kotlin.incremental.IncrementalJvmCompilerRunner.runCompiler(IncrementalJvmCompilerRunner.kt:73)
	at org.jetbrains.kotlin.incremental.IncrementalCompilerRunner.doCompile(IncrementalCompilerRunner.kt:506)
	at org.jetbrains.kotlin.incremental.IncrementalCompilerRunner.compileImpl(IncrementalCompilerRunner.kt:423)
	at org.jetbrains.kotlin.incremental.IncrementalCompilerRunner.compileNonIncrementally(IncrementalCompilerRunner.kt:301)
	at org.jetbrains.kotlin.incremental.IncrementalCompilerRunner.compile(IncrementalCompilerRunner.kt:129)
	at org.jetbrains.kotlin.daemon.CompileServiceImplBase.execIncrementalCompiler(CompileServiceImpl.kt:675)
	at org.jetbrains.kotlin.daemon.CompileServiceImplBase.access$execIncrementalCompiler(CompileServiceImpl.kt:92)
	at org.jetbrains.kotlin.daemon.CompileServiceImpl.compile(CompileServiceImpl.kt:1660)
	at java.base/jdk.internal.reflect.DirectMethodHandleAccessor.invoke(Unknown Source)
	at java.base/java.lang.reflect.Method.invoke(Unknown Source)
	at java.rmi/sun.rmi.server.UnicastServerRef.dispatch(Unknown Source)
	at java.rmi/sun.rmi.transport.Transport$1.run(Unknown Source)
	at java.rmi/sun.rmi.transport.Transport$1.run(Unknown Source)
	at java.base/java.security.AccessController.doPrivileged(Unknown Source)
	at java.rmi/sun.rmi.transport.Transport.serviceCall(Unknown Source)
	at java.rmi/sun.rmi.transport.tcp.TCPTransport.handleMessages(Unknown Source)
	at java.rmi/sun.rmi.transport.tcp.TCPTransport$ConnectionHandler.run0(Unknown Source)
	at java.rmi/sun.rmi.transport.tcp.TCPTransport$ConnectionHandler.lambda$run$0(Unknown Source)
	at java.base/java.security.AccessController.doPrivileged(Unknown Source)
	at java.rmi/sun.rmi.transport.tcp.TCPTransport$ConnectionHandler.run(Unknown Source)
	at java.base/java.util.concurrent.ThreadPoolExecutor.runWorker(Unknown Source)
	at java.base/java.util.concurrent.ThreadPoolExecutor$Worker.run(Unknown Source)
	at java.base/java.lang.Thread.run(Unknown Source)
Caused by: java.lang.RuntimeException: Exception while generating code for:
FUN name:createOpenDelegate visibility:protected modality:OPEN <> ($this:<root>.AppDatabase_Impl) returnType:androidx.room.RoomOpenDelegate
  overridden:
    protected open fun createOpenDelegate (): androidx.room.RoomOpenDelegateMarker [fake_override] declared in <root>.AppDatabase
  $this: VALUE_PARAMETER name:<this> type:<root>.AppDatabase_Impl
  BLOCK_BODY
    VAR name:_openDelegate type:androidx.room.RoomOpenDelegate [val]
      BLOCK type=<root>.AppDatabase_Impl.createOpenDelegate.<no name provided> origin=OBJECT_LITERAL
        CLASS CLASS name:<no name provided> modality:FINAL visibility:local superTypes:[androidx.room.RoomOpenDelegate]
          $this: VALUE_PARAMETER INSTANCE_RECEIVER name:<this> type:<root>.AppDatabase_Impl.createOpenDelegate.<no name provided>
          CONSTRUCTOR visibility:public/*package*/ <> (this$0:<root>.AppDatabase_Impl) returnType:<root>.AppDatabase_Impl.createOpenDelegate.<no name provided> [primary]
            VALUE_PARAMETER BOUND_RECEIVER_PARAMETER name:this$0 index:0 type:<root>.AppDatabase_Impl
            BLOCK_BODY
              SET_FIELD 'FIELD FIELD_FOR_CAPTURED_VALUE name:this$0 type:<root>.AppDatabase_Impl visibility:public/*package*/ [final] declared in <root>.AppDatabase_Impl.createOpenDelegate.<no name provided>' type=kotlin.Unit origin=INITIALIZER_OF_FIELD_FOR_CAPTURED_VALUE
                receiver: GET_VAR '<this>: <root>.AppDatabase_Impl.createOpenDelegate.<no name provided> declared in <root>.AppDatabase_Impl.createOpenDelegate.<no name provided>' type=<root>.AppDatabase_Impl.createOpenDelegate.<no name provided> origin=null
                value: GET_VAR 'this$0: <root>.AppDatabase_Impl declared in <root>.AppDatabase_Impl.createOpenDelegate.<no name provided>.<init>' type=<root>.AppDatabase_Impl origin=null
              DELEGATING_CONSTRUCTOR_CALL 'public constructor <init> (version: kotlin.Int, identityHash: kotlin.String, legacyIdentityHash: kotlin.String) [primary] declared in androidx.room.RoomOpenDelegate'
                version: CONST Int type=kotlin.Int value=1
                identityHash: CONST String type=kotlin.String value="9f54cc0c64a4459f941d50208a185e10"
                legacyIdentityHash: CONST String type=kotlin.String value="b6eeb4aad49407b2437f98761cb4bd5c"
              BLOCK type=kotlin.Unit origin=null
          FUN name:createAllTables visibility:public modality:OPEN <> ($this:<root>.AppDatabase_Impl.createOpenDelegate.<no name provided>, connection:androidx.sqlite.SQLiteConnection) returnType:kotlin.Unit
            overridden:
              public abstract fun createAllTables (connection: androidx.sqlite.SQLiteConnection): kotlin.Unit declared in androidx.room.RoomOpenDelegate
            $this: VALUE_PARAMETER name:<this> type:<root>.AppDatabase_Impl.createOpenDelegate.<no name provided>
            VALUE_PARAMETER name:connection index:0 type:androidx.sqlite.SQLiteConnection
            BLOCK_BODY
              CALL 'public final fun execSQL (sql: kotlin.String): kotlin.Unit declared in androidx.sqlite.SQLite' type=kotlin.Unit origin=null
                $receiver: GET_VAR 'connection: androidx.sqlite.SQLiteConnection declared in <root>.AppDatabase_Impl.createOpenDelegate.<no name provided>.createAllTables' type=androidx.sqlite.SQLiteConnection origin=null
                sql: CONST String type=kotlin.String value="CREATE TABLE IF NOT EXISTS `users` (`id` INTEGER NOT NULL, `email` TEXT NOT NULL, `username` TEXT NOT NULL, `firstName` TEXT NOT NULL, `lastName` TEXT NOT NULL, `phoneNumber` TEXT, `dateJoined` TEXT NOT NULL, `isDonor` INTEGER NOT NULL, `isBeneficiary` INTEGER NOT NULL, `lastSynced` INTEGER NOT NULL, PRIMARY KEY(`id`))"
              CALL 'public final fun execSQL (sql: kotlin.String): kotlin.Unit declared in androidx.sqlite.SQLite' type=kotlin.Unit origin=null
                $receiver: GET_VAR 'connection: androidx.sqlite.SQLiteConnection declared in <root>.AppDatabase_Impl.createOpenDelegate.<no name provided>.createAllTables' type=androidx.sqlite.SQLiteConnection origin=null
                sql: CONST String type=kotlin.String value="CREATE TABLE IF NOT EXISTS `donations` (`id` INTEGER NOT NULL, `donor` INTEGER NOT NULL, `amount` REAL NOT NULL, `description` TEXT NOT NULL, `foodType` TEXT NOT NULL, `quantity` INTEGER NOT NULL, `location` TEXT NOT NULL, `createdAt` TEXT NOT NULL, `status` TEXT NOT NULL, `beneficiary` INTEGER, `isSynced` INTEGER NOT NULL, `lastUpdated` INTEGER NOT NULL, PRIMARY KEY(`id`))"
              CALL 'public final fun execSQL (sql: kotlin.String): kotlin.Unit declared in androidx.sqlite.SQLite' type=kotlin.Unit origin=null
                $receiver: GET_VAR 'connection: androidx.sqlite.SQLiteConnection declared in <root>.AppDatabase_Impl.createOpenDelegate.<no name provided>.createAllTables' type=androidx.sqlite.SQLiteConnection origin=null
                sql: CONST String type=kotlin.String value="CREATE TABLE IF NOT EXISTS `mpesa_transactions` (`id` INTEGER NOT NULL, `user` INTEGER NOT NULL, `amount` REAL NOT NULL, `phoneNumber` TEXT NOT NULL, `transactionDate` TEXT NOT NULL, `status` TEXT NOT NULL, `reference` TEXT NOT NULL, `lastUpdated` INTEGER NOT NULL, PRIMARY KEY(`id`))"
              CALL 'public final fun execSQL (sql: kotlin.String): kotlin.Unit declared in androidx.sqlite.SQLite' type=kotlin.Unit origin=null
                $receiver: GET_VAR 'connection: androidx.sqlite.SQLiteConnection declared in <root>.AppDatabase_Impl.createOpenDelegate.<no name provided>.createAllTables' type=androidx.sqlite.SQLiteConnection origin=null
                sql: CONST String type=kotlin.String value="CREATE TABLE IF NOT EXISTS room_master_table (id INTEGER PRIMARY KEY,identity_hash TEXT)"
              CALL 'public final fun execSQL (sql: kotlin.String): kotlin.Unit declared in androidx.sqlite.SQLite' type=kotlin.Unit origin=null
                $receiver: GET_VAR 'connection: androidx.sqlite.SQLiteConnection declared in <root>.AppDatabase_Impl.createOpenDelegate.<no name provided>.createAllTables' type=androidx.sqlite.SQLiteConnection origin=null
                sql: CONST String type=kotlin.String value="INSERT OR REPLACE INTO room_master_table (id,identity_hash) VALUES(42, '9f54cc0c64a4459f941d50208a185e10')"
          FUN name:dropAllTables visibility:public modality:OPEN <> ($this:<root>.AppDatabase_Impl.createOpenDelegate.<no name provided>, connection:androidx.sqlite.SQLiteConnection) returnType:kotlin.Unit
            overridden:
              public abstract fun dropAllTables (connection: androidx.sqlite.SQLiteConnection): kotlin.Unit declared in androidx.room.RoomOpenDelegate
            $this: VALUE_PARAMETER name:<this> type:<root>.AppDatabase_Impl.createOpenDelegate.<no name provided>
            VALUE_PARAMETER name:connection index:0 type:androidx.sqlite.SQLiteConnection
            BLOCK_BODY
              CALL 'public final fun execSQL (sql: kotlin.String): kotlin.Unit declared in androidx.sqlite.SQLite' type=kotlin.Unit origin=null
                $receiver: GET_VAR 'connection: androidx.sqlite.SQLiteConnection declared in <root>.AppDatabase_Impl.createOpenDelegate.<no name provided>.dropAllTables' type=androidx.sqlite.SQLiteConnection origin=null
                sql: CONST String type=kotlin.String value="DROP TABLE IF EXISTS `users`"
              CALL 'public final fun execSQL (sql: kotlin.String): kotlin.Unit declared in androidx.sqlite.SQLite' type=kotlin.Unit origin=null
                $receiver: GET_VAR 'connection: androidx.sqlite.SQLiteConnection declared in <root>.AppDatabase_Impl.createOpenDelegate.<no name provided>.dropAllTables' type=androidx.sqlite.SQLiteConnection origin=null
                sql: CONST String type=kotlin.String value="DROP TABLE IF EXISTS `donations`"
              CALL 'public final fun execSQL (sql: kotlin.String): kotlin.Unit declared in androidx.sqlite.SQLite' type=kotlin.Unit origin=null
                $receiver: GET_VAR 'connection: androidx.sqlite.SQLiteConnection declared in <root>.AppDatabase_Impl.createOpenDelegate.<no name provided>.dropAllTables' type=androidx.sqlite.SQLiteConnection origin=null
                sql: CONST String type=kotlin.String value="DROP TABLE IF EXISTS `mpesa_transactions`"
          FUN name:onCreate visibility:public modality:OPEN <> ($this:<root>.AppDatabase_Impl.createOpenDelegate.<no name provided>, connection:androidx.sqlite.SQLiteConnection) returnType:kotlin.Unit
            overridden:
              public abstract fun onCreate (connection: androidx.sqlite.SQLiteConnection): kotlin.Unit declared in androidx.room.RoomOpenDelegate
            $this: VALUE_PARAMETER name:<this> type:<root>.AppDatabase_Impl.createOpenDelegate.<no name provided>
            VALUE_PARAMETER name:connection index:0 type:androidx.sqlite.SQLiteConnection
            BLOCK_BODY
          FUN name:onOpen visibility:public modality:OPEN <> ($this:<root>.AppDatabase_Impl.createOpenDelegate.<no name provided>, connection:androidx.sqlite.SQLiteConnection) returnType:kotlin.Unit
            overridden:
              public abstract fun onOpen (connection: androidx.sqlite.SQLiteConnection): kotlin.Unit declared in androidx.room.RoomOpenDelegate
            $this: VALUE_PARAMETER name:<this> type:<root>.AppDatabase_Impl.createOpenDelegate.<no name provided>
            VALUE_PARAMETER name:connection index:0 type:androidx.sqlite.SQLiteConnection
            BLOCK_BODY
              CALL 'public final fun access$internalInitInvalidationTracker ($this: <root>.AppDatabase_Impl, connection: androidx.sqlite.SQLiteConnection): kotlin.Unit declared in <root>.AppDatabase_Impl' type=kotlin.Unit origin=null
                $this: GET_FIELD 'FIELD FIELD_FOR_CAPTURED_VALUE name:this$0 type:<root>.AppDatabase_Impl visibility:public/*package*/ [final] declared in <root>.AppDatabase_Impl.createOpenDelegate.<no name provided>' type=<root>.AppDatabase_Impl origin=null
                  receiver: GET_VAR '<this>: <root>.AppDatabase_Impl.createOpenDelegate.<no name provided> declared in <root>.AppDatabase_Impl.createOpenDelegate.<no name provided>.onOpen' type=<root>.AppDatabase_Impl.createOpenDelegate.<no name provided> origin=null
                connection: GET_VAR 'connection: androidx.sqlite.SQLiteConnection declared in <root>.AppDatabase_Impl.createOpenDelegate.<no name provided>.onOpen' type=androidx.sqlite.SQLiteConnection origin=null
          FUN name:onPreMigrate visibility:public modality:OPEN <> ($this:<root>.AppDatabase_Impl.createOpenDelegate.<no name provided>, connection:androidx.sqlite.SQLiteConnection) returnType:kotlin.Unit
            overridden:
              public abstract fun onPreMigrate (connection: androidx.sqlite.SQLiteConnection): kotlin.Unit declared in androidx.room.RoomOpenDelegate
            $this: VALUE_PARAMETER name:<this> type:<root>.AppDatabase_Impl.createOpenDelegate.<no name provided>
            VALUE_PARAMETER name:connection index:0 type:androidx.sqlite.SQLiteConnection
            BLOCK_BODY
              CALL 'public final fun dropFtsSyncTriggers (connection: androidx.sqlite.SQLiteConnection): kotlin.Unit declared in androidx.room.util.DBUtil' type=kotlin.Unit origin=null
                connection: GET_VAR 'connection: androidx.sqlite.SQLiteConnection declared in <root>.AppDatabase_Impl.createOpenDelegate.<no name provided>.onPreMigrate' type=androidx.sqlite.SQLiteConnection origin=null
          FUN name:onPostMigrate visibility:public modality:OPEN <> ($this:<root>.AppDatabase_Impl.createOpenDelegate.<no name provided>, connection:androidx.sqlite.SQLiteConnection) returnType:kotlin.Unit
            overridden:
              public abstract fun onPostMigrate (connection: androidx.sqlite.SQLiteConnection): kotlin.Unit declared in androidx.room.RoomOpenDelegate
            $this: VALUE_PARAMETER name:<this> type:<root>.AppDatabase_Impl.createOpenDelegate.<no name provided>
            VALUE_PARAMETER name:connection index:0 type:androidx.sqlite.SQLiteConnection
            BLOCK_BODY
          FUN name:onValidateSchema visibility:public modality:OPEN <> ($this:<root>.AppDatabase_Impl.createOpenDelegate.<no name provided>, connection:androidx.sqlite.SQLiteConnection) returnType:androidx.room.RoomOpenDelegate.ValidationResult
            overridden:
              public abstract fun onValidateSchema (connection: androidx.sqlite.SQLiteConnection): androidx.room.RoomOpenDelegate.ValidationResult declared in androidx.room.RoomOpenDelegate
            $this: VALUE_PARAMETER name:<this> type:<root>.AppDatabase_Impl.createOpenDelegate.<no name provided>
            VALUE_PARAMETER name:connection index:0 type:androidx.sqlite.SQLiteConnection
            BLOCK_BODY
              VAR name:_columnsUsers type:kotlin.collections.MutableMap<kotlin.String, androidx.room.util.TableInfo.Column> [val]
                CALL 'public final fun mutableMapOf <K, V> (): kotlin.collections.MutableMap<K of kotlin.collections.MapsKt.mutableMapOf, V of kotlin.collections.MapsKt.mutableMapOf> [inline] declared in kotlin.collections.MapsKt' type=kotlin.collections.MutableMap<kotlin.String, androidx.room.util.TableInfo.Column> origin=null
                  <K>: kotlin.String
                  <V>: androidx.room.util.TableInfo.Column
              COMPOSITE type=kotlin.Unit origin=null
                CALL 'public abstract fun put (key: K of kotlin.collections.MutableMap, value: V of kotlin.collections.MutableMap): V of kotlin.collections.MutableMap? declared in kotlin.collections.MutableMap' type=androidx.room.util.TableInfo.Column? origin=null
                  $this: GET_VAR 'val _columnsUsers: kotlin.collections.MutableMap<kotlin.String, androidx.room.util.TableInfo.Column> [val] declared in <root>.AppDatabase_Impl.createOpenDelegate.<no name provided>.onValidateSchema' type=kotlin.collections.MutableMap<kotlin.String, androidx.room.util.TableInfo.Column> origin=null
                  key: CONST String type=kotlin.String value="id"
                  value: CONSTRUCTOR_CALL 'public constructor <init> (name: kotlin.String, type: kotlin.String, notNull: kotlin.Boolean, primaryKeyPosition: kotlin.Int, defaultValue: kotlin.String?, createdFrom: kotlin.Int) [primary] declared in androidx.room.util.TableInfo.Column' type=androidx.room.util.TableInfo.Column origin=null
                    name: CONST String type=kotlin.String value="id"
                    type: CONST String type=kotlin.String value="INTEGER"
                    notNull: CONST Boolean type=kotlin.Boolean value=true
                    primaryKeyPosition: CONST Int type=kotlin.Int value=1
                    defaultValue: CONST Null type=kotlin.Nothing? value=null
                    createdFrom: CONST Int type=kotlin.Int value=1
                COMPOSITE type=kotlin.Unit origin=null
              COMPOSITE type=kotlin.Unit origin=null
                CALL 'public abstract fun put (key: K of kotlin.collections.MutableMap, value: V of kotlin.collections.MutableMap): V of kotlin.collections.MutableMap? declared in kotlin.collections.MutableMap' type=androidx.room.util.TableInfo.Column? origin=null
                  $this: GET_VAR 'val _columnsUsers: kotlin.collections.MutableMap<kotlin.String, androidx.room.util.TableInfo.Column> [val] declared in <root>.AppDatabase_Impl.createOpenDelegate.<no name provided>.onValidateSchema' type=kotlin.collections.MutableMap<kotlin.String, androidx.room.util.TableInfo.Column> origin=null
                  key: CONST String type=kotlin.String value="email"
                  value: CONSTRUCTOR_CALL 'public constructor <init> (name: kotlin.String, type: kotlin.String, notNull: kotlin.Boolean, primaryKeyPosition: kotlin.Int, defaultValue: kotlin.String?, createdFrom: kotlin.Int) [primary] declared in androidx.room.util.TableInfo.Column' type=androidx.room.util.TableInfo.Column origin=null
                    name: CONST String type=kotlin.String value="email"
                    type: CONST String type=kotlin.String value="TEXT"
                    notNull: CONST Boolean type=kotlin.Boolean value=true
                    primaryKeyPosition: CONST Int type=kotlin.Int value=0
                    defaultValue: CONST Null type=kotlin.Nothing? value=null
                    createdFrom: CONST Int type=kotlin.Int value=1
                COMPOSITE type=kotlin.Unit origin=null
              COMPOSITE type=kotlin.Unit origin=null
                CALL 'public abstract fun put (key: K of kotlin.collections.MutableMap, value: V of kotlin.collections.MutableMap): V of kotlin.collections.MutableMap? declared in kotlin.collections.MutableMap' type=androidx.room.util.TableInfo.Column? origin=null
                  $this: GET_VAR 'val _columnsUsers: kotlin.collections.MutableMap<kotlin.String, androidx.room.util.TableInfo.Column> [val] declared in <root>.AppDatabase_Impl.createOpenDelegate.<no name provided>.onValidateSchema' type=kotlin.collections.MutableMap<kotlin.String, androidx.room.util.TableInfo.Column> origin=null
                  key: CONST String type=kotlin.String value="username"
                  value: CONSTRUCTOR_CALL 'public constructor <init> (name: kotlin.String, type: kotlin.String, notNull: kotlin.Boolean, primaryKeyPosition: kotlin.Int, defaultValue: kotlin.String?, createdFrom: kotlin.Int) [primary] declared in androidx.room.util.TableInfo.Column' type=androidx.room.util.TableInfo.Column origin=null
                    name: CONST String type=kotlin.String value="username"
                    type: CONST String type=kotlin.String value="TEXT"
                    notNull: CONST Boolean type=kotlin.Boolean value=true
                    primaryKeyPosition: CONST Int type=kotlin.Int value=0
                    defaultValue: CONST Null type=kotlin.Nothing? value=null
                    createdFrom: CONST Int type=kotlin.Int value=1
                COMPOSITE type=kotlin.Unit origin=null
              COMPOSITE type=kotlin.Unit origin=null
                CALL 'public abstract fun put (key: K of kotlin.collections.MutableMap, value: V of kotlin.collections.MutableMap): V of kotlin.collections.MutableMap? declared in kotlin.collections.MutableMap' type=androidx.room.util.TableInfo.Column? origin=null
                  $this: GET_VAR 'val _columnsUsers: kotlin.collections.MutableMap<kotlin.String, androidx.room.util.TableInfo.Column> [val] declared in <root>.AppDatabase_Impl.createOpenDelegate.<no name provided>.onValidateSchema' type=kotlin.collections.MutableMap<kotlin.String, androidx.room.util.TableInfo.Column> origin=null
                  key: CONST String type=kotlin.String value="firstName"
                  value: CONSTRUCTOR_CALL 'public constructor <init> (name: kotlin.String, type: kotlin.String, notNull: kotlin.Boolean, primaryKeyPosition: kotlin.Int, defaultValue: kotlin.String?, createdFrom: kotlin.Int) [primary] declared in androidx.room.util.TableInfo.Column' type=androidx.room.util.TableInfo.Column origin=null
                    name: CONST String type=kotlin.String value="firstName"
                    type: CONST String type=kotlin.String value="TEXT"
                    notNull: CONST Boolean type=kotlin.Boolean value=true
                    primaryKeyPosition: CONST Int type=kotlin.Int value=0
                    defaultValue: CONST Null type=kotlin.Nothing? value=null
                    createdFrom: CONST Int type=kotlin.Int value=1
                COMPOSITE type=kotlin.Unit origin=null
              COMPOSITE type=kotlin.Unit origin=null
                CALL 'public abstract fun put (key: K of kotlin.collections.MutableMap, value: V of kotlin.collections.MutableMap): V of kotlin.collections.MutableMap? declared in kotlin.collections.MutableMap' type=androidx.room.util.TableInfo.Column? origin=null
                  $this: GET_VAR 'val _columnsUsers: kotlin.collections.MutableMap<kotlin.String, androidx.room.util.TableInfo.Column> [val] declared in <root>.AppDatabase_Impl.createOpenDelegate.<no name provided>.onValidateSchema' type=kotlin.collections.MutableMap<kotlin.String, androidx.room.util.TableInfo.Column> origin=null
                  key: CONST String type=kotlin.String value="lastName"
                  value: CONSTRUCTOR_CALL 'public constructor <init> (name: kotlin.String, type: kotlin.String, notNull: kotlin.Boolean, primaryKeyPosition: kotlin.Int, defaultValue: kotlin.String?, createdFrom: kotlin.Int) [primary] declared in androidx.room.util.TableInfo.Column' type=androidx.room.util.TableInfo.Column origin=null
                    name: CONST String type=kotlin.String value="lastName"
                    type: CONST String type=kotlin.String value="TEXT"
                    notNull: CONST Boolean type=kotlin.Boolean value=true
                    primaryKeyPosition: CONST Int type=kotlin.Int value=0
                    defaultValue: CONST Null type=kotlin.Nothing? value=null
                    createdFrom: CONST Int type=kotlin.Int value=1
                COMPOSITE type=kotlin.Unit origin=null
              COMPOSITE type=kotlin.Unit origin=null
                CALL 'public abstract fun put (key: K of kotlin.collections.MutableMap, value: V of kotlin.collections.MutableMap): V of kotlin.collections.MutableMap? declared in kotlin.collections.MutableMap' type=androidx.room.util.TableInfo.Column? origin=null
                  $this: GET_VAR 'val _columnsUsers: kotlin.collections.MutableMap<kotlin.String, androidx.room.util.TableInfo.Column> [val] declared in <root>.AppDatabase_Impl.createOpenDelegate.<no name provided>.onValidateSchema' type=kotlin.collections.MutableMap<kotlin.String, androidx.room.util.TableInfo.Column> origin=null
                  key: CONST String type=kotlin.String value="phoneNumber"
                  value: CONSTRUCTOR_CALL 'public constructor <init> (name: kotlin.String, type: kotlin.String, notNull: kotlin.Boolean, primaryKeyPosition: kotlin.Int, defaultValue: kotlin.String?, createdFrom: kotlin.Int) [primary] declared in androidx.room.util.TableInfo.Column' type=androidx.room.util.TableInfo.Column origin=null
                    name: CONST String type=kotlin.String value="phoneNumber"
                    type: CONST String type=kotlin.String value="TEXT"
                    notNull: CONST Boolean type=kotlin.Boolean value=false
                    primaryKeyPosition: CONST Int type=kotlin.Int value=0
                    defaultValue: CONST Null type=kotlin.Nothing? value=null
                    createdFrom: CONST Int type=kotlin.Int value=1
                COMPOSITE type=kotlin.Unit origin=null
              COMPOSITE type=kotlin.Unit origin=null
                CALL 'public abstract fun put (key: K of kotlin.collections.MutableMap, value: V of kotlin.collections.MutableMap): V of kotlin.collections.MutableMap? declared in kotlin.collections.MutableMap' type=androidx.room.util.TableInfo.Column? origin=null
                  $this: GET_VAR 'val _columnsUsers: kotlin.collections.MutableMap<kotlin.String, androidx.room.util.TableInfo.Column> [val] declared in <root>.AppDatabase_Impl.createOpenDelegate.<no name provided>.onValidateSchema' type=kotlin.collections.MutableMap<kotlin.String, androidx.room.util.TableInfo.Column> origin=null
                  key: CONST String type=kotlin.String value="dateJoined"
                  value: CONSTRUCTOR_CALL 'public constructor <init> (name: kotlin.String, type: kotlin.String, notNull: kotlin.Boolean, primaryKeyPosition: kotlin.Int, defaultValue: kotlin.String?, createdFrom: kotlin.Int) [primary] declared in androidx.room.util.TableInfo.Column' type=androidx.room.util.TableInfo.Column origin=null
                    name: CONST String type=kotlin.String value="dateJoined"
                    type: CONST String type=kotlin.String value="TEXT"
                    notNull: CONST Boolean type=kotlin.Boolean value=true
                    primaryKeyPosition: CONST Int type=kotlin.Int value=0
                    defaultValue: CONST Null type=kotlin.Nothing? value=null
                    createdFrom: CONST Int type=kotlin.Int value=1
                COMPOSITE type=kotlin.Unit origin=null
              COMPOSITE type=kotlin.Unit origin=null
                CALL 'public abstract fun put (key: K of kotlin.collections.MutableMap, value: V of kotlin.collections.MutableMap): V of kotlin.collections.MutableMap? declared in kotlin.collections.MutableMap' type=androidx.room.util.TableInfo.Column? origin=null
                  $this: GET_VAR 'val _columnsUsers: kotlin.collections.MutableMap<kotlin.String, androidx.room.util.TableInfo.Column> [val] declared in <root>.AppDatabase_Impl.createOpenDelegate.<no name provided>.onValidateSchema' type=kotlin.collections.MutableMap<kotlin.String, androidx.room.util.TableInfo.Column> origin=null
                  key: CONST String type=kotlin.String value="isDonor"
                  value: CONSTRUCTOR_CALL 'public constructor <init> (name: kotlin.String, type: kotlin.String, notNull: kotlin.Boolean, primaryKeyPosition: kotlin.Int, defaultValue: kotlin.String?, createdFrom: kotlin.Int) [primary] declared in androidx.room.util.TableInfo.Column' type=androidx.room.util.TableInfo.Column origin=null
                    name: CONST String type=kotlin.String value="isDonor"
                    type: CONST String type=kotlin.String value="INTEGER"
                    notNull: CONST Boolean type=kotlin.Boolean value=true
                    primaryKeyPosition: CONST Int type=kotlin.Int value=0
                    defaultValue: CONST Null type=kotlin.Nothing? value=null
                    createdFrom: CONST Int type=kotlin.Int value=1
                COMPOSITE type=kotlin.Unit origin=null
              COMPOSITE type=kotlin.Unit origin=null
                CALL 'public abstract fun put (key: K of kotlin.collections.MutableMap, value: V of kotlin.collections.MutableMap): V of kotlin.collections.MutableMap? declared in kotlin.collections.MutableMap' type=androidx.room.util.TableInfo.Column? origin=null
                  $this: GET_VAR 'val _columnsUsers: kotlin.collections.MutableMap<kotlin.String, androidx.room.util.TableInfo.Column> [val] declared in <root>.AppDatabase_Impl.createOpenDelegate.<no name provided>.onValidateSchema' type=kotlin.collections.MutableMap<kotlin.String, androidx.room.util.TableInfo.Column> origin=null
                  key: CONST String type=kotlin.String value="isBeneficiary"
                  value: CONSTRUCTOR_CALL 'public constructor <init> (name: kotlin.String, type: kotlin.String, notNull: kotlin.Boolean, primaryKeyPosition: kotlin.Int, defaultValue: kotlin.String?, createdFrom: kotlin.Int) [primary] declared in androidx.room.util.TableInfo.Column' type=androidx.room.util.TableInfo.Column origin=null
                    name: CONST String type=kotlin.String value="isBeneficiary"
                    type: CONST String type=kotlin.String value="INTEGER"
                    notNull: CONST Boolean type=kotlin.Boolean value=true
                    primaryKeyPosition: CONST Int type=kotlin.Int value=0
                    defaultValue: CONST Null type=kotlin.Nothing? value=null
                    createdFrom: CONST Int type=kotlin.Int value=1
                COMPOSITE type=kotlin.Unit origin=null
              COMPOSITE type=kotlin.Unit origin=null
                CALL 'public abstract fun put (key: K of kotlin.collections.MutableMap, value: V of kotlin.collections.MutableMap): V of kotlin.collections.MutableMap? declared in kotlin.collections.MutableMap' type=androidx.room.util.TableInfo.Column? origin=null
                  $this: GET_VAR 'val _columnsUsers: kotlin.collections.MutableMap<kotlin.String, androidx.room.util.TableInfo.Column> [val] declared in <root>.AppDatabase_Impl.createOpenDelegate.<no name provided>.onValidateSchema' type=kotlin.collections.MutableMap<kotlin.String, androidx.room.util.TableInfo.Column> origin=null
                  key: CONST String type=kotlin.String value="lastSynced"
                  value: CONSTRUCTOR_CALL 'public constructor <init> (name: kotlin.String, type: kotlin.String, notNull: kotlin.Boolean, primaryKeyPosition: kotlin.Int, defaultValue: kotlin.String?, createdFrom: kotlin.Int) [primary] declared in androidx.room.util.TableInfo.Column' type=androidx.room.util.TableInfo.Column origin=null
                    name: CONST String type=kotlin.String value="lastSynced"
                    type: CONST String type=kotlin.String value="INTEGER"
                    notNull: CONST Boolean type=kotlin.Boolean value=true
                    primaryKeyPosition: CONST Int type=kotlin.Int value=0
                    defaultValue: CONST Null type=kotlin.Nothing? value=null
                    createdFrom: CONST Int type=kotlin.Int value=1
                COMPOSITE type=kotlin.Unit origin=null
              VAR name:_foreignKeysUsers type:kotlin.collections.MutableSet<androidx.room.util.TableInfo.ForeignKey> [val]
                CALL 'public final fun mutableSetOf <T> (): kotlin.collections.MutableSet<T of kotlin.collections.SetsKt.mutableSetOf> [inline] declared in kotlin.collections.SetsKt' type=kotlin.collections.MutableSet<androidx.room.util.TableInfo.ForeignKey> origin=null
                  <T>: androidx.room.util.TableInfo.ForeignKey
              VAR name:_indicesUsers type:kotlin.collections.MutableSet<androidx.room.util.TableInfo.Index> [val]
                CALL 'public final fun mutableSetOf <T> (): kotlin.collections.MutableSet<T of kotlin.collections.SetsKt.mutableSetOf> [inline] declared in kotlin.collections.SetsKt' type=kotlin.collections.MutableSet<androidx.room.util.TableInfo.Index> origin=null
                  <T>: androidx.room.util.TableInfo.Index
              VAR name:_infoUsers type:androidx.room.util.TableInfo [val]
                CONSTRUCTOR_CALL 'public constructor <init> (name: kotlin.String, columns: kotlin.collections.Map<kotlin.String, androidx.room.util.TableInfo.Column>, foreignKeys: kotlin.collections.Set<androidx.room.util.TableInfo.ForeignKey>, indices: kotlin.collections.Set<androidx.room.util.TableInfo.Index>?) [primary] declared in androidx.room.util.TableInfo' type=androidx.room.util.TableInfo origin=null
                  name: CONST String type=kotlin.String value="users"
                  columns: GET_VAR 'val _columnsUsers: kotlin.collections.MutableMap<kotlin.String, androidx.room.util.TableInfo.Column> [val] declared in <root>.AppDatabase_Impl.createOpenDelegate.<no name provided>.onValidateSchema' type=kotlin.collections.MutableMap<kotlin.String, androidx.room.util.TableInfo.Column> origin=null
                  foreignKeys: GET_VAR 'val _foreignKeysUsers: kotlin.collections.MutableSet<androidx.room.util.TableInfo.ForeignKey> [val] declared in <root>.AppDatabase_Impl.createOpenDelegate.<no name provided>.onValidateSchema' type=kotlin.collections.MutableSet<androidx.room.util.TableInfo.ForeignKey> origin=null
                  indices: GET_VAR 'val _indicesUsers: kotlin.collections.MutableSet<androidx.room.util.TableInfo.Index> [val] declared in <root>.AppDatabase_Impl.createOpenDelegate.<no name provided>.onValidateSchema' type=kotlin.collections.MutableSet<androidx.room.util.TableInfo.Index> origin=null
              VAR name:_existingUsers type:androidx.room.util.TableInfo [val]
                CALL 'public final fun read (connection: androidx.sqlite.SQLiteConnection, tableName: kotlin.String): androidx.room.util.TableInfo declared in androidx.room.util.TableInfo.Companion' type=androidx.room.util.TableInfo origin=null
                  $this: GET_FIELD 'FIELD FIELD_FOR_OBJECT_INSTANCE name:Companion type:androidx.room.util.TableInfo.Companion visibility:public [final,static] declared in androidx.room.util.TableInfo' type=androidx.room.util.TableInfo.Companion origin=null
                  connection: GET_VAR 'connection: androidx.sqlite.SQLiteConnection declared in <root>.AppDatabase_Impl.createOpenDelegate.<no name provided>.onValidateSchema' type=androidx.sqlite.SQLiteConnection origin=null
                  tableName: CONST String type=kotlin.String value="users"
              WHEN type=kotlin.Unit origin=IF
                BRANCH
                  if: CALL 'public final fun not (): kotlin.Boolean [operator] declared in kotlin.Boolean' type=kotlin.Boolean origin=null
                    $this: CALL 'public open fun equals (other: kotlin.Any?): kotlin.Boolean [operator] declared in androidx.room.util.TableInfo' type=kotlin.Boolean origin=null
                      $this: GET_VAR 'val _infoUsers: androidx.room.util.TableInfo [val] declared in <root>.AppDatabase_Impl.createOpenDelegate.<no name provided>.onValidateSchema' type=androidx.room.util.TableInfo origin=null
                      other: GET_VAR 'val _existingUsers: androidx.room.util.TableInfo [val] declared in <root>.AppDatabase_Impl.createOpenDelegate.<no name provided>.onValidateSchema' type=androidx.room.util.TableInfo origin=null
                  then: BLOCK type=kotlin.Unit origin=null
                    RETURN type=kotlin.Nothing from='public open fun onValidateSchema (connection: androidx.sqlite.SQLiteConnection): androidx.room.RoomOpenDelegate.ValidationResult declared in <root>.AppDatabase_Impl.createOpenDelegate.<no name provided>'
                      CONSTRUCTOR_CALL 'public constructor <init> (isValid: kotlin.Boolean, expectedFoundMsg: kotlin.String?) [primary] declared in androidx.room.RoomOpenDelegate.ValidationResult' type=androidx.room.RoomOpenDelegate.ValidationResult origin=null
                        isValid: CONST Boolean type=kotlin.Boolean value=false
                        expectedFoundMsg: STRING_CONCATENATION type=kotlin.String
                          CONST String type=kotlin.String value="users(UserEntity).\n Expected:\n"
                          GET_VAR 'val _infoUsers: androidx.room.util.TableInfo [val] declared in <root>.AppDatabase_Impl.createOpenDelegate.<no name provided>.onValidateSchema' type=androidx.room.util.TableInfo origin=null
                          CONST String type=kotlin.String value="\n Found:\n"
                          GET_VAR 'val _existingUsers: androidx.room.util.TableInfo [val] declared in <root>.AppDatabase_Impl.createOpenDelegate.<no name provided>.onValidateSchema' type=androidx.room.util.TableInfo origin=null
              VAR name:_columnsDonations type:kotlin.collections.MutableMap<kotlin.String, androidx.room.util.TableInfo.Column> [val]
                CALL 'public final fun mutableMapOf <K, V> (): kotlin.collections.MutableMap<K of kotlin.collections.MapsKt.mutableMapOf, V of kotlin.collections.MapsKt.mutableMapOf> [inline] declared in kotlin.collections.MapsKt' type=kotlin.collections.MutableMap<kotlin.String, androidx.room.util.TableInfo.Column> origin=null
                  <K>: kotlin.String
                  <V>: androidx.room.util.TableInfo.Column
              COMPOSITE type=kotlin.Unit origin=null
                CALL 'public abstract fun put (key: K of kotlin.collections.MutableMap, value: V of kotlin.collections.MutableMap): V of kotlin.collections.MutableMap? declared in kotlin.collections.MutableMap' type=androidx.room.util.TableInfo.Column? origin=null
                  $this: GET_VAR 'val _columnsDonations: kotlin.collections.MutableMap<kotlin.String, androidx.room.util.TableInfo.Column> [val] declared in <root>.AppDatabase_Impl.createOpenDelegate.<no name provided>.onValidateSchema' type=kotlin.collections.MutableMap<kotlin.String, androidx.room.util.TableInfo.Column> origin=null
                  key: CONST String type=kotlin.String value="id"
                  value: CONSTRUCTOR_CALL 'public constructor <init> (name: kotlin.String, type: kotlin.String, notNull: kotlin.Boolean, primaryKeyPosition: kotlin.Int, defaultValue: kotlin.String?, createdFrom: kotlin.Int) [primary] declared in androidx.room.util.TableInfo.Column' type=androidx.room.util.TableInfo.Column origin=null
                    name: CONST String type=kotlin.String value="id"
                    type: CONST String type=kotlin.String value="INTEGER"
                    notNull: CONST Boolean type=kotlin.Boolean value=true
                    primaryKeyPosition: CONST Int type=kotlin.Int value=1
                    defaultValue: CONST Null type=kotlin.Nothing? value=null
                    createdFrom: CONST Int type=kotlin.Int value=1
                COMPOSITE type=kotlin.Unit origin=null
              COMPOSITE type=kotlin.Unit origin=null
                CALL 'public abstract fun put (key: K of kotlin.collections.MutableMap, value: V of kotlin.collections.MutableMap): V of kotlin.collections.MutableMap? declared in kotlin.collections.MutableMap' type=androidx.room.util.TableInfo.Column? origin=null
                  $this: GET_VAR 'val _columnsDonations: kotlin.collections.MutableMap<kotlin.String, androidx.room.util.TableInfo.Column> [val] declared in <root>.AppDatabase_Impl.createOpenDelegate.<no name provided>.onValidateSchema' type=kotlin.collections.MutableMap<kotlin.String, androidx.room.util.TableInfo.Column> origin=null
                  key: CONST String type=kotlin.String value="donor"
                  value: CONSTRUCTOR_CALL 'public constructor <init> (name: kotlin.String, type: kotlin.String, notNull: kotlin.Boolean, primaryKeyPosition: kotlin.Int, defaultValue: kotlin.String?, createdFrom: kotlin.Int) [primary] declared in androidx.room.util.TableInfo.Column' type=androidx.room.util.TableInfo.Column origin=null
                    name: CONST String type=kotlin.String value="donor"
                    type: CONST String type=kotlin.String value="INTEGER"
                    notNull: CONST Boolean type=kotlin.Boolean value=true
                    primaryKeyPosition: CONST Int type=kotlin.Int value=0
                    defaultValue: CONST Null type=kotlin.Nothing? value=null
                    createdFrom: CONST Int type=kotlin.Int value=1
                COMPOSITE type=kotlin.Unit origin=null
              COMPOSITE type=kotlin.Unit origin=null
                CALL 'public abstract fun put (key: K of kotlin.collections.MutableMap, value: V of kotlin.collections.MutableMap): V of kotlin.collections.MutableMap? declared in kotlin.collections.MutableMap' type=androidx.room.util.TableInfo.Column? origin=null
                  $this: GET_VAR 'val _columnsDonations: kotlin.collections.MutableMap<kotlin.String, androidx.room.util.TableInfo.Column> [val] declared in <root>.AppDatabase_Impl.createOpenDelegate.<no name provided>.onValidateSchema' type=kotlin.collections.MutableMap<kotlin.String, androidx.room.util.TableInfo.Column> origin=null
                  key: CONST String type=kotlin.String value="amount"
                  value: CONSTRUCTOR_CALL 'public constructor <init> (name: kotlin.String, type: kotlin.String, notNull: kotlin.Boolean, primaryKeyPosition: kotlin.Int, defaultValue: kotlin.String?, createdFrom: kotlin.Int) [primary] declared in androidx.room.util.TableInfo.Column' type=androidx.room.util.TableInfo.Column origin=null
                    name: CONST String type=kotlin.String value="amount"
                    type: CONST String type=kotlin.String value="REAL"
                    notNull: CONST Boolean type=kotlin.Boolean value=true
                    primaryKeyPosition: CONST Int type=kotlin.Int value=0
                    defaultValue: CONST Null type=kotlin.Nothing? value=null
                    createdFrom: CONST Int type=kotlin.Int value=1
                COMPOSITE type=kotlin.Unit origin=null
              COMPOSITE type=kotlin.Unit origin=null
                CALL 'public abstract fun put (key: K of kotlin.collections.MutableMap, value: V of kotlin.collections.MutableMap): V of kotlin.collections.MutableMap? declared in kotlin.collections.MutableMap' type=androidx.room.util.TableInfo.Column? origin=null
                  $this: GET_VAR 'val _columnsDonations: kotlin.collections.MutableMap<kotlin.String, androidx.room.util.TableInfo.Column> [val] declared in <root>.AppDatabase_Impl.createOpenDelegate.<no name provided>.onValidateSchema' type=kotlin.collections.MutableMap<kotlin.String, androidx.room.util.TableInfo.Column> origin=null
                  key: CONST String type=kotlin.String value="description"
                  value: CONSTRUCTOR_CALL 'public constructor <init> (name: kotlin.String, type: kotlin.String, notNull: kotlin.Boolean, primaryKeyPosition: kotlin.Int, defaultValue: kotlin.String?, createdFrom: kotlin.Int) [primary] declared in androidx.room.util.TableInfo.Column' type=androidx.room.util.TableInfo.Column origin=null
                    name: CONST String type=kotlin.String value="description"
                    type: CONST String type=kotlin.String value="TEXT"
                    notNull: CONST Boolean type=kotlin.Boolean value=true
                    primaryKeyPosition: CONST Int type=kotlin.Int value=0
                    defaultValue: CONST Null type=kotlin.Nothing? value=null
                    createdFrom: CONST Int type=kotlin.Int value=1
                COMPOSITE type=kotlin.Unit origin=null
              COMPOSITE type=kotlin.Unit origin=null
                CALL 'public abstract fun put (key: K of kotlin.collections.MutableMap, value: V of kotlin.collections.MutableMap): V of kotlin.collections.MutableMap? declared in kotlin.collections.MutableMap' type=androidx.room.util.TableInfo.Column? origin=null
                  $this: GET_VAR 'val _columnsDonations: kotlin.collections.MutableMap<kotlin.String, androidx.room.util.TableInfo.Column> [val] declared in <root>.AppDatabase_Impl.createOpenDelegate.<no name provided>.onValidateSchema' type=kotlin.collections.MutableMap<kotlin.String, androidx.room.util.TableInfo.Column> origin=null
                  key: CONST String type=kotlin.String value="foodType"
                  value: CONSTRUCTOR_CALL 'public constructor <init> (name: kotlin.String, type: kotlin.String, notNull: kotlin.Boolean, primaryKeyPosition: kotlin.Int, defaultValue: kotlin.String?, createdFrom: kotlin.Int) [primary] declared in androidx.room.util.TableInfo.Column' type=androidx.room.util.TableInfo.Column origin=null
                    name: CONST String type=kotlin.String value="foodType"
                    type: CONST String type=kotlin.String value="TEXT"
                    notNull: CONST Boolean type=kotlin.Boolean value=true
                    primaryKeyPosition: CONST Int type=kotlin.Int value=0
                    defaultValue: CONST Null type=kotlin.Nothing? value=null
                    createdFrom: CONST Int type=kotlin.Int value=1
                COMPOSITE type=kotlin.Unit origin=null
              COMPOSITE type=kotlin.Unit origin=null
                CALL 'public abstract fun put (key: K of kotlin.collections.MutableMap, value: V of kotlin.collections.MutableMap): V of kotlin.collections.MutableMap? declared in kotlin.collections.MutableMap' type=androidx.room.util.TableInfo.Column? origin=null
                  $this: GET_VAR 'val _columnsDonations: kotlin.collections.MutableMap<kotlin.String, androidx.room.util.TableInfo.Column> [val] declared in <root>.AppDatabase_Impl.createOpenDelegate.<no name provided>.onValidateSchema' type=kotlin.collections.MutableMap<kotlin.String, androidx.room.util.TableInfo.Column> origin=null
                  key: CONST String type=kotlin.String value="quantity"
                  value: CONSTRUCTOR_CALL 'public constructor <init> (name: kotlin.String, type: kotlin.String, notNull: kotlin.Boolean, primaryKeyPosition: kotlin.Int, defaultValue: kotlin.String?, createdFrom: kotlin.Int) [primary] declared in androidx.room.util.TableInfo.Column' type=androidx.room.util.TableInfo.Column origin=null
                    name: CONST String type=kotlin.String value="quantity"
                    type: CONST String type=kotlin.String value="INTEGER"
                    notNull: CONST Boolean type=kotlin.Boolean value=true
                    primaryKeyPosition: CONST Int type=kotlin.Int value=0
                    defaultValue: CONST Null type=kotlin.Nothing? value=null
                    createdFrom: CONST Int type=kotlin.Int value=1
                COMPOSITE type=kotlin.Unit origin=null
              COMPOSITE type=kotlin.Unit origin=null
                CALL 'public abstract fun put (key: K of kotlin.collections.MutableMap, value: V of kotlin.collections.MutableMap): V of kotlin.collections.MutableMap? declared in kotlin.collections.MutableMap' type=androidx.room.util.TableInfo.Column? origin=null
                  $this: GET_VAR 'val _columnsDonations: kotlin.collections.MutableMap<kotlin.String, androidx.room.util.TableInfo.Column> [val] declared in <root>.AppDatabase_Impl.createOpenDelegate.<no name provided>.onValidateSchema' type=kotlin.collections.MutableMap<kotlin.String, androidx.room.util.TableInfo.Column> origin=null
                  key: CONST String type=kotlin.String value="location"
                  value: CONSTRUCTOR_CALL 'public constructor <init> (name: kotlin.String, type: kotlin.String, notNull: kotlin.Boolean, primaryKeyPosition: kotlin.Int, defaultValue: kotlin.String?, createdFrom: kotlin.Int) [primary] declared in androidx.room.util.TableInfo.Column' type=androidx.room.util.TableInfo.Column origin=null
                    name: CONST String type=kotlin.String value="location"
                    type: CONST String type=kotlin.String value="TEXT"
                    notNull: CONST Boolean type=kotlin.Boolean value=true
                    primaryKeyPosition: CONST Int type=kotlin.Int value=0
                    defaultValue: CONST Null type=kotlin.Nothing? value=null
                    createdFrom: CONST Int type=kotlin.Int value=1
                COMPOSITE type=kotlin.Unit origin=null
              COMPOSITE type=kotlin.Unit origin=null
                CALL 'public abstract fun put (key: K of kotlin.collections.MutableMap, value: V of kotlin.collections.MutableMap): V of kotlin.collections.MutableMap? declared in kotlin.collections.MutableMap' type=androidx.room.util.TableInfo.Column? origin=null
                  $this: GET_VAR 'val _columnsDonations: kotlin.collections.MutableMap<kotlin.String, androidx.room.util.TableInfo.Column> [val] declared in <root>.AppDatabase_Impl.createOpenDelegate.<no name provided>.onValidateSchema' type=kotlin.collections.MutableMap<kotlin.String, androidx.room.util.TableInfo.Column> origin=null
                  key: CONST String type=kotlin.String value="createdAt"
                  value: CONSTRUCTOR_CALL 'public constructor <init> (name: kotlin.String, type: kotlin.String, notNull: kotlin.Boolean, primaryKeyPosition: kotlin.Int, defaultValue: kotlin.String?, createdFrom: kotlin.Int) [primary] declared in androidx.room.util.TableInfo.Column' type=androidx.room.util.TableInfo.Column origin=null
                    name: CONST String type=kotlin.String value="createdAt"
                    type: CONST String type=kotlin.String value="TEXT"
                    notNull: CONST Boolean type=kotlin.Boolean value=true
                    primaryKeyPosition: CONST Int type=kotlin.Int value=0
                    defaultValue: CONST Null type=kotlin.Nothing? value=null
                    createdFrom: CONST Int type=kotlin.Int value=1
                COMPOSITE type=kotlin.Unit origin=null
              COMPOSITE type=kotlin.Unit origin=null
                CALL 'public abstract fun put (key: K of kotlin.collections.MutableMap, value: V of kotlin.collections.MutableMap): V of kotlin.collections.MutableMap? declared in kotlin.collections.MutableMap' type=androidx.room.util.TableInfo.Column? origin=null
                  $this: GET_VAR 'val _columnsDonations: kotlin.collections.MutableMap<kotlin.String, androidx.room.util.TableInfo.Column> [val] declared in <root>.AppDatabase_Impl.createOpenDelegate.<no name provided>.onValidateSchema' type=kotlin.collections.MutableMap<kotlin.String, androidx.room.util.TableInfo.Column> origin=null
                  key: CONST String type=kotlin.String value="status"
                  value: CONSTRUCTOR_CALL 'public constructor <init> (name: kotlin.String, type: kotlin.String, notNull: kotlin.Boolean, primaryKeyPosition: kotlin.Int, defaultValue: kotlin.String?, createdFrom: kotlin.Int) [primary] declared in androidx.room.util.TableInfo.Column' type=androidx.room.util.TableInfo.Column origin=null
                    name: CONST String type=kotlin.String value="status"
                    type: CONST String type=kotlin.String value="TEXT"
                    notNull: CONST Boolean type=kotlin.Boolean value=true
                    primaryKeyPosition: CONST Int type=kotlin.Int value=0
                    defaultValue: CONST Null type=kotlin.Nothing? value=null
                    createdFrom: CONST Int type=kotlin.Int value=1
                COMPOSITE type=kotlin.Unit origin=null
              COMPOSITE type=kotlin.Unit origin=null
                CALL 'public abstract fun put (key: K of kotlin.collections.MutableMap, value: V of kotlin.collections.MutableMap): V of kotlin.collections.MutableMap? declared in kotlin.collections.MutableMap' type=androidx.room.util.TableInfo.Column? origin=null
                  $this: GET_VAR 'val _columnsDonations: kotlin.collections.MutableMap<kotlin.String, androidx.room.util.TableInfo.Column> [val] declared in <root>.AppDatabase_Impl.createOpenDelegate.<no name provided>.onValidateSchema' type=kotlin.collections.MutableMap<kotlin.String, androidx.room.util.TableInfo.Column> origin=null
                  key: CONST String type=kotlin.String value="beneficiary"
                  value: CONSTRUCTOR_CALL 'public constructor <init> (name: kotlin.String, type: kotlin.String, notNull: kotlin.Boolean, primaryKeyPosition: kotlin.Int, defaultValue: kotlin.String?, createdFrom: kotlin.Int) [primary] declared in androidx.room.util.TableInfo.Column' type=androidx.room.util.TableInfo.Column origin=null
                    name: CONST String type=kotlin.String value="beneficiary"
                    type: CONST String type=kotlin.String value="INTEGER"
                    notNull: CONST Boolean type=kotlin.Boolean value=false
                    primaryKeyPosition: CONST Int type=kotlin.Int value=0
                    defaultValue: CONST Null type=kotlin.Nothing? value=null
                    createdFrom: CONST Int type=kotlin.Int value=1
                COMPOSITE type=kotlin.Unit origin=null
              COMPOSITE type=kotlin.Unit origin=null
                CALL 'public abstract fun put (key: K of kotlin.collections.MutableMap, value: V of kotlin.collections.MutableMap): V of kotlin.collections.MutableMap? declared in kotlin.collections.MutableMap' type=androidx.room.util.TableInfo.Column? origin=null
                  $this: GET_VAR 'val _columnsDonations: kotlin.collections.MutableMap<kotlin.String, androidx.room.util.TableInfo.Column> [val] declared in <root>.AppDatabase_Impl.createOpenDelegate.<no name provided>.onValidateSchema' type=kotlin.collections.MutableMap<kotlin.String, androidx.room.util.TableInfo.Column> origin=null
                  key: CONST String type=kotlin.String value="isSynced"
                  value: CONSTRUCTOR_CALL 'public constructor <init> (name: kotlin.String, type: kotlin.String, notNull: kotlin.Boolean, primaryKeyPosition: kotlin.Int, defaultValue: kotlin.String?, createdFrom: kotlin.Int) [primary] declared in androidx.room.util.TableInfo.Column' type=androidx.room.util.TableInfo.Column origin=null
                    name: CONST String type=kotlin.String value="isSynced"
                    type: CONST String type=kotlin.String value="INTEGER"
                    notNull: CONST Boolean type=kotlin.Boolean value=true
                    primaryKeyPosition: CONST Int type=kotlin.Int value=0
                    defaultValue: CONST Null type=kotlin.Nothing? value=null
                    createdFrom: CONST Int type=kotlin.Int value=1
                COMPOSITE type=kotlin.Unit origin=null
              COMPOSITE type=kotlin.Unit origin=null
                CALL 'public abstract fun put (key: K of kotlin.collections.MutableMap, value: V of kotlin.collections.MutableMap): V of kotlin.collections.MutableMap? declared in kotlin.collections.MutableMap' type=androidx.room.util.TableInfo.Column? origin=null
                  $this: GET_VAR 'val _columnsDonations: kotlin.collections.MutableMap<kotlin.String, androidx.room.util.TableInfo.Column> [val] declared in <root>.AppDatabase_Impl.createOpenDelegate.<no name provided>.onValidateSchema' type=kotlin.collections.MutableMap<kotlin.String, androidx.room.util.TableInfo.Column> origin=null
                  key: CONST String type=kotlin.String value="lastUpdated"
                  value: CONSTRUCTOR_CALL 'public constructor <init> (name: kotlin.String, type: kotlin.String, notNull: kotlin.Boolean, primaryKeyPosition: kotlin.Int, defaultValue: kotlin.String?, createdFrom: kotlin.Int) [primary] declared in androidx.room.util.TableInfo.Column' type=androidx.room.util.TableInfo.Column origin=null
                    name: CONST String type=kotlin.String value="lastUpdated"
                    type: CONST String type=kotlin.String value="INTEGER"
                    notNull: CONST Boolean type=kotlin.Boolean value=true
                    primaryKeyPosition: CONST Int type=kotlin.Int value=0
                    defaultValue: CONST Null type=kotlin.Nothing? value=null
                    createdFrom: CONST Int type=kotlin.Int value=1
                COMPOSITE type=kotlin.Unit origin=null
              VAR name:_foreignKeysDonations type:kotlin.collections.MutableSet<androidx.room.util.TableInfo.ForeignKey> [val]
                CALL 'public final fun mutableSetOf <T> (): kotlin.collections.MutableSet<T of kotlin.collections.SetsKt.mutableSetOf> [inline] declared in kotlin.collections.SetsKt' type=kotlin.collections.MutableSet<androidx.room.util.TableInfo.ForeignKey> origin=null
                  <T>: androidx.room.util.TableInfo.ForeignKey
              VAR name:_indicesDonations type:kotlin.collections.MutableSet<androidx.room.util.TableInfo.Index> [val]
                CALL 'public final fun mutableSetOf <T> (): kotlin.collections.MutableSet<T of kotlin.collections.SetsKt.mutableSetOf> [inline] declared in kotlin.collections.SetsKt' type=kotlin.collections.MutableSet<androidx.room.util.TableInfo.Index> origin=null
                  <T>: androidx.room.util.TableInfo.Index
              VAR name:_infoDonations type:androidx.room.util.TableInfo [val]
                CONSTRUCTOR_CALL 'public constructor <init> (name: kotlin.String, columns: kotlin.collections.Map<kotlin.String, androidx.room.util.TableInfo.Column>, foreignKeys: kotlin.collections.Set<androidx.room.util.TableInfo.ForeignKey>, indices: kotlin.collections.Set<androidx.room.util.TableInfo.Index>?) [primary] declared in androidx.room.util.TableInfo' type=androidx.room.util.TableInfo origin=null
                  name: CONST String type=kotlin.String value="donations"
                  columns: GET_VAR 'val _columnsDonations: kotlin.collections.MutableMap<kotlin.String, androidx.room.util.TableInfo.Column> [val] declared in <root>.AppDatabase_Impl.createOpenDelegate.<no name provided>.onValidateSchema' type=kotlin.collections.MutableMap<kotlin.String, androidx.room.util.TableInfo.Column> origin=null
                  foreignKeys: GET_VAR 'val _foreignKeysDonations: kotlin.collections.MutableSet<androidx.room.util.TableInfo.ForeignKey> [val] declared in <root>.AppDatabase_Impl.createOpenDelegate.<no name provided>.onValidateSchema' type=kotlin.collections.MutableSet<androidx.room.util.TableInfo.ForeignKey> origin=null
                  indices: GET_VAR 'val _indicesDonations: kotlin.collections.MutableSet<androidx.room.util.TableInfo.Index> [val] declared in <root>.AppDatabase_Impl.createOpenDelegate.<no name provided>.onValidateSchema' type=kotlin.collections.MutableSet<androidx.room.util.TableInfo.Index> origin=null
              VAR name:_existingDonations type:androidx.room.util.TableInfo [val]
                CALL 'public final fun read (connection: androidx.sqlite.SQLiteConnection, tableName: kotlin.String): androidx.room.util.TableInfo declared in androidx.room.util.TableInfo.Companion' type=androidx.room.util.TableInfo origin=null
                  $this: GET_FIELD 'FIELD FIELD_FOR_OBJECT_INSTANCE name:Companion type:androidx.room.util.TableInfo.Companion visibility:public [final,static] declared in androidx.room.util.TableInfo' type=androidx.room.util.TableInfo.Companion origin=null
                  connection: GET_VAR 'connection: androidx.sqlite.SQLiteConnection declared in <root>.AppDatabase_Impl.createOpenDelegate.<no name provided>.onValidateSchema' type=androidx.sqlite.SQLiteConnection origin=null
                  tableName: CONST String type=kotlin.String value="donations"
              WHEN type=kotlin.Unit origin=IF
                BRANCH
                  if: CALL 'public final fun not (): kotlin.Boolean [operator] declared in kotlin.Boolean' type=kotlin.Boolean origin=null
                    $this: CALL 'public open fun equals (other: kotlin.Any?): kotlin.Boolean [operator] declared in androidx.room.util.TableInfo' type=kotlin.Boolean origin=null
                      $this: GET_VAR 'val _infoDonations: androidx.room.util.TableInfo [val] declared in <root>.AppDatabase_Impl.createOpenDelegate.<no name provided>.onValidateSchema' type=androidx.room.util.TableInfo origin=null
                      other: GET_VAR 'val _existingDonations: androidx.room.util.TableInfo [val] declared in <root>.AppDatabase_Impl.createOpenDelegate.<no name provided>.onValidateSchema' type=androidx.room.util.TableInfo origin=null
                  then: BLOCK type=kotlin.Unit origin=null
                    RETURN type=kotlin.Nothing from='public open fun onValidateSchema (connection: androidx.sqlite.SQLiteConnection): androidx.room.RoomOpenDelegate.ValidationResult declared in <root>.AppDatabase_Impl.createOpenDelegate.<no name provided>'
                      CONSTRUCTOR_CALL 'public constructor <init> (isValid: kotlin.Boolean, expectedFoundMsg: kotlin.String?) [primary] declared in androidx.room.RoomOpenDelegate.ValidationResult' type=androidx.room.RoomOpenDelegate.ValidationResult origin=null
                        isValid: CONST Boolean type=kotlin.Boolean value=false
                        expectedFoundMsg: STRING_CONCATENATION type=kotlin.String
                          CONST String type=kotlin.String value="donations(DonationEntity).\n Expected:\n"
                          GET_VAR 'val _infoDonations: androidx.room.util.TableInfo [val] declared in <root>.AppDatabase_Impl.createOpenDelegate.<no name provided>.onValidateSchema' type=androidx.room.util.TableInfo origin=null
                          CONST String type=kotlin.String value="\n Found:\n"
                          GET_VAR 'val _existingDonations: androidx.room.util.TableInfo [val] declared in <root>.AppDatabase_Impl.createOpenDelegate.<no name provided>.onValidateSchema' type=androidx.room.util.TableInfo origin=null
              VAR name:_columnsMpesaTransactions type:kotlin.collections.MutableMap<kotlin.String, androidx.room.util.TableInfo.Column> [val]
                CALL 'public final fun mutableMapOf <K, V> (): kotlin.collections.MutableMap<K of kotlin.collections.MapsKt.mutableMapOf, V of kotlin.collections.MapsKt.mutableMapOf> [inline] declared in kotlin.collections.MapsKt' type=kotlin.collections.MutableMap<kotlin.String, androidx.room.util.TableInfo.Column> origin=null
                  <K>: kotlin.String
                  <V>: androidx.room.util.TableInfo.Column
              COMPOSITE type=kotlin.Unit origin=null
                CALL 'public abstract fun put (key: K of kotlin.collections.MutableMap, value: V of kotlin.collections.MutableMap): V of kotlin.collections.MutableMap? declared in kotlin.collections.MutableMap' type=androidx.room.util.TableInfo.Column? origin=null
                  $this: GET_VAR 'val _columnsMpesaTransactions: kotlin.collections.MutableMap<kotlin.String, androidx.room.util.TableInfo.Column> [val] declared in <root>.AppDatabase_Impl.createOpenDelegate.<no name provided>.onValidateSchema' type=kotlin.collections.MutableMap<kotlin.String, androidx.room.util.TableInfo.Column> origin=null
                  key: CONST String type=kotlin.String value="id"
                  value: CONSTRUCTOR_CALL 'public constructor <init> (name: kotlin.String, type: kotlin.String, notNull: kotlin.Boolean, primaryKeyPosition: kotlin.Int, defaultValue: kotlin.String?, createdFrom: kotlin.Int) [primary] declared in androidx.room.util.TableInfo.Column' type=androidx.room.util.TableInfo.Column origin=null
                    name: CONST String type=kotlin.String value="id"
                    type: CONST String type=kotlin.String value="INTEGER"
                    notNull: CONST Boolean type=kotlin.Boolean value=true
                    primaryKeyPosition: CONST Int type=kotlin.Int value=1
                    defaultValue: CONST Null type=kotlin.Nothing? value=null
                    createdFrom: CONST Int type=kotlin.Int value=1
                COMPOSITE type=kotlin.Unit origin=null
              COMPOSITE type=kotlin.Unit origin=null
                CALL 'public abstract fun put (key: K of kotlin.collections.MutableMap, value: V of kotlin.collections.MutableMap): V of kotlin.collections.MutableMap? declared in kotlin.collections.MutableMap' type=androidx.room.util.TableInfo.Column? origin=null
                  $this: GET_VAR 'val _columnsMpesaTransactions: kotlin.collections.MutableMap<kotlin.String, androidx.room.util.TableInfo.Column> [val] declared in <root>.AppDatabase_Impl.createOpenDelegate.<no name provided>.onValidateSchema' type=kotlin.collections.MutableMap<kotlin.String, androidx.room.util.TableInfo.Column> origin=null
                  key: CONST String type=kotlin.String value="user"
                  value: CONSTRUCTOR_CALL 'public constructor <init> (name: kotlin.String, type: kotlin.String, notNull: kotlin.Boolean, primaryKeyPosition: kotlin.Int, defaultValue: kotlin.String?, createdFrom: kotlin.Int) [primary] declared in androidx.room.util.TableInfo.Column' type=androidx.room.util.TableInfo.Column origin=null
                    name: CONST String type=kotlin.String value="user"
                    type: CONST String type=kotlin.String value="INTEGER"
                    notNull: CONST Boolean type=kotlin.Boolean value=true
                    primaryKeyPosition: CONST Int type=kotlin.Int value=0
                    defaultValue: CONST Null type=kotlin.Nothing? value=null
                    createdFrom: CONST Int type=kotlin.Int value=1
                COMPOSITE type=kotlin.Unit origin=null
              COMPOSITE type=kotlin.Unit origin=null
                CALL 'public abstract fun put (key: K of kotlin.collections.MutableMap, value: V of kotlin.collections.MutableMap): V of kotlin.collections.MutableMap? declared in kotlin.collections.MutableMap' type=androidx.room.util.TableInfo.Column? origin=null
                  $this: GET_VAR 'val _columnsMpesaTransactions: kotlin.collections.MutableMap<kotlin.String, androidx.room.util.TableInfo.Column> [val] declared in <root>.AppDatabase_Impl.createOpenDelegate.<no name provided>.onValidateSchema' type=kotlin.collections.MutableMap<kotlin.String, androidx.room.util.TableInfo.Column> origin=null
                  key: CONST String type=kotlin.String value="amount"
                  value: CONSTRUCTOR_CALL 'public constructor <init> (name: kotlin.String, type: kotlin.String, notNull: kotlin.Boolean, primaryKeyPosition: kotlin.Int, defaultValue: kotlin.String?, createdFrom: kotlin.Int) [primary] declared in androidx.room.util.TableInfo.Column' type=androidx.room.util.TableInfo.Column origin=null
                    name: CONST String type=kotlin.String value="amount"
                    type: CONST String type=kotlin.String value="REAL"
                    notNull: CONST Boolean type=kotlin.Boolean value=true
                    primaryKeyPosition: CONST Int type=kotlin.Int value=0
                    defaultValue: CONST Null type=kotlin.Nothing? value=null
                    createdFrom: CONST Int type=kotlin.Int value=1
                COMPOSITE type=kotlin.Unit origin=null
              COMPOSITE type=kotlin.Unit origin=null
                CALL 'public abstract fun put (key: K of kotlin.collections.MutableMap, value: V of kotlin.collections.MutableMap): V of kotlin.collections.MutableMap? declared in kotlin.collections.MutableMap' type=androidx.room.util.TableInfo.Column? origin=null
                  $this: GET_VAR 'val _columnsMpesaTransactions: kotlin.collections.MutableMap<kotlin.String, androidx.room.util.TableInfo.Column> [val] declared in <root>.AppDatabase_Impl.createOpenDelegate.<no name provided>.onValidateSchema' type=kotlin.collections.MutableMap<kotlin.String, androidx.room.util.TableInfo.Column> origin=null
                  key: CONST String type=kotlin.String value="phoneNumber"
                  value: CONSTRUCTOR_CALL 'public constructor <init> (name: kotlin.String, type: kotlin.String, notNull: kotlin.Boolean, primaryKeyPosition: kotlin.Int, defaultValue: kotlin.String?, createdFrom: kotlin.Int) [primary] declared in androidx.room.util.TableInfo.Column' type=androidx.room.util.TableInfo.Column origin=null
                    name: CONST String type=kotlin.String value="phoneNumber"
                    type: CONST String type=kotlin.String value="TEXT"
                    notNull: CONST Boolean type=kotlin.Boolean value=true
                    primaryKeyPosition: CONST Int type=kotlin.Int value=0
                    defaultValue: CONST Null type=kotlin.Nothing? value=null
                    createdFrom: CONST Int type=kotlin.Int value=1
                COMPOSITE type=kotlin.Unit origin=null
              COMPOSITE type=kotlin.Unit origin=null
                CALL 'public abstract fun put (key: K of kotlin.collections.MutableMap, value: V of kotlin.collections.MutableMap): V of kotlin.collections.MutableMap? declared in kotlin.collections.MutableMap' type=androidx.room.util.TableInfo.Column? origin=null
                  $this: GET_VAR 'val _columnsMpesaTransactions: kotlin.collections.MutableMap<kotlin.String, androidx.room.util.TableInfo.Column> [val] declared in <root>.AppDatabase_Impl.createOpenDelegate.<no name provided>.onValidateSchema' type=kotlin.collections.MutableMap<kotlin.String, androidx.room.util.TableInfo.Column> origin=null
                  key: CONST String type=kotlin.String value="transactionDate"
                  value: CONSTRUCTOR_CALL 'public constructor <init> (name: kotlin.String, type: kotlin.String, notNull: kotlin.Boolean, primaryKeyPosition: kotlin.Int, defaultValue: kotlin.String?, createdFrom: kotlin.Int) [primary] declared in androidx.room.util.TableInfo.Column' type=androidx.room.util.TableInfo.Column origin=null
                    name: CONST String type=kotlin.String value="transactionDate"
                    type: CONST String type=kotlin.String value="TEXT"
                    notNull: CONST Boolean type=kotlin.Boolean value=true
                    primaryKeyPosition: CONST Int type=kotlin.Int value=0
                    defaultValue: CONST Null type=kotlin.Nothing? value=null
                    createdFrom: CONST Int type=kotlin.Int value=1
                COMPOSITE type=kotlin.Unit origin=null
              COMPOSITE type=kotlin.Unit origin=null
                CALL 'public abstract fun put (key: K of kotlin.collections.MutableMap, value: V of kotlin.collections.MutableMap): V of kotlin.collections.MutableMap? declared in kotlin.collections.MutableMap' type=androidx.room.util.TableInfo.Column? origin=null
                  $this: GET_VAR 'val _columnsMpesaTransactions: kotlin.collections.MutableMap<kotlin.String, androidx.room.util.TableInfo.Column> [val] declared in <root>.AppDatabase_Impl.createOpenDelegate.<no name provided>.onValidateSchema' type=kotlin.collections.MutableMap<kotlin.String, androidx.room.util.TableInfo.Column> origin=null
                  key: CONST String type=kotlin.String value="status"
                  value: CONSTRUCTOR_CALL 'public constructor <init> (name: kotlin.String, type: kotlin.String, notNull: kotlin.Boolean, primaryKeyPosition: kotlin.Int, defaultValue: kotlin.String?, createdFrom: kotlin.Int) [primary] declared in androidx.room.util.TableInfo.Column' type=androidx.room.util.TableInfo.Column origin=null
                    name: CONST String type=kotlin.String value="status"
                    type: CONST String type=kotlin.String value="TEXT"
                    notNull: CONST Boolean type=kotlin.Boolean value=true
                    primaryKeyPosition: CONST Int type=kotlin.Int value=0
                    defaultValue: CONST Null type=kotlin.Nothing? value=null
                    createdFrom: CONST Int type=kotlin.Int value=1
                COMPOSITE type=kotlin.Unit origin=null
              COMPOSITE type=kotlin.Unit origin=null
                CALL 'public abstract fun put (key: K of kotlin.collections.MutableMap, value: V of kotlin.collections.MutableMap): V of kotlin.collections.MutableMap? declared in kotlin.collections.MutableMap' type=androidx.room.util.TableInfo.Column? origin=null
                  $this: GET_VAR 'val _columnsMpesaTransactions: kotlin.collections.MutableMap<kotlin.String, androidx.room.util.TableInfo.Column> [val] declared in <root>.AppDatabase_Impl.createOpenDelegate.<no name provided>.onValidateSchema' type=kotlin.collections.MutableMap<kotlin.String, androidx.room.util.TableInfo.Column> origin=null
                  key: CONST String type=kotlin.String value="reference"
                  value: CONSTRUCTOR_CALL 'public constructor <init> (name: kotlin.String, type: kotlin.String, notNull: kotlin.Boolean, primaryKeyPosition: kotlin.Int, defaultValue: kotlin.String?, createdFrom: kotlin.Int) [primary] declared in androidx.room.util.TableInfo.Column' type=androidx.room.util.TableInfo.Column origin=null
                    name: CONST String type=kotlin.String value="reference"
                    type: CONST String type=kotlin.String value="TEXT"
                    notNull: CONST Boolean type=kotlin.Boolean value=true
                    primaryKeyPosition: CONST Int type=kotlin.Int value=0
                    defaultValue: CONST Null type=kotlin.Nothing? value=null
                    createdFrom: CONST Int type=kotlin.Int value=1
                COMPOSITE type=kotlin.Unit origin=null
              COMPOSITE type=kotlin.Unit origin=null
                CALL 'public abstract fun put (key: K of kotlin.collections.MutableMap, value: V of kotlin.collections.MutableMap): V of kotlin.collections.MutableMap? declared in kotlin.collections.MutableMap' type=androidx.room.util.TableInfo.Column? origin=null
                  $this: GET_VAR 'val _columnsMpesaTransactions: kotlin.collections.MutableMap<kotlin.String, androidx.room.util.TableInfo.Column> [val] declared in <root>.AppDatabase_Impl.createOpenDelegate.<no name provided>.onValidateSchema' type=kotlin.collections.MutableMap<kotlin.String, androidx.room.util.TableInfo.Column> origin=null
                  key: CONST String type=kotlin.String value="lastUpdated"
                  value: CONSTRUCTOR_CALL 'public constructor <init> (name: kotlin.String, type: kotlin.String, notNull: kotlin.Boolean, primaryKeyPosition: kotlin.Int, defaultValue: kotlin.String?, createdFrom: kotlin.Int) [primary] declared in androidx.room.util.TableInfo.Column' type=androidx.room.util.TableInfo.Column origin=null
                    name: CONST String type=kotlin.String value="lastUpdated"
                    type: CONST String type=kotlin.String value="INTEGER"
                    notNull: CONST Boolean type=kotlin.Boolean value=true
                    primaryKeyPosition: CONST Int type=kotlin.Int value=0
                    defaultValue: CONST Null type=kotlin.Nothing? value=null
                    createdFrom: CONST Int type=kotlin.Int value=1
                COMPOSITE type=kotlin.Unit origin=null
              VAR name:_foreignKeysMpesaTransactions type:kotlin.collections.MutableSet<androidx.room.util.TableInfo.ForeignKey> [val]
                CALL 'public final fun mutableSetOf <T> (): kotlin.collections.MutableSet<T of kotlin.collections.SetsKt.mutableSetOf> [inline] declared in kotlin.collections.SetsKt' type=kotlin.collections.MutableSet<androidx.room.util.TableInfo.ForeignKey> origin=null
                  <T>: androidx.room.util.TableInfo.ForeignKey
              VAR name:_indicesMpesaTransactions type:kotlin.collections.MutableSet<androidx.room.util.TableInfo.Index> [val]
                CALL 'public final fun mutableSetOf <T> (): kotlin.collections.MutableSet<T of kotlin.collections.SetsKt.mutableSetOf> [inline] declared in kotlin.collections.SetsKt' type=kotlin.collections.MutableSet<androidx.room.util.TableInfo.Index> origin=null
                  <T>: androidx.room.util.TableInfo.Index
              VAR name:_infoMpesaTransactions type:androidx.room.util.TableInfo [val]
                CONSTRUCTOR_CALL 'public constructor <init> (name: kotlin.String, columns: kotlin.collections.Map<kotlin.String, androidx.room.util.TableInfo.Column>, foreignKeys: kotlin.collections.Set<androidx.room.util.TableInfo.ForeignKey>, indices: kotlin.collections.Set<androidx.room.util.TableInfo.Index>?) [primary] declared in androidx.room.util.TableInfo' type=androidx.room.util.TableInfo origin=null
                  name: CONST String type=kotlin.String value="mpesa_transactions"
                  columns: GET_VAR 'val _columnsMpesaTransactions: kotlin.collections.MutableMap<kotlin.String, androidx.room.util.TableInfo.Column> [val] declared in <root>.AppDatabase_Impl.createOpenDelegate.<no name provided>.onValidateSchema' type=kotlin.collections.MutableMap<kotlin.String, androidx.room.util.TableInfo.Column> origin=null
                  foreignKeys: GET_VAR 'val _foreignKeysMpesaTransactions: kotlin.collections.MutableSet<androidx.room.util.TableInfo.ForeignKey> [val] declared in <root>.AppDatabase_Impl.createOpenDelegate.<no name provided>.onValidateSchema' type=kotlin.collections.MutableSet<androidx.room.util.TableInfo.ForeignKey> origin=null
                  indices: GET_VAR 'val _indicesMpesaTransactions: kotlin.collections.MutableSet<androidx.room.util.TableInfo.Index> [val] declared in <root>.AppDatabase_Impl.createOpenDelegate.<no name provided>.onValidateSchema' type=kotlin.collections.MutableSet<androidx.room.util.TableInfo.Index> origin=null
              VAR name:_existingMpesaTransactions type:androidx.room.util.TableInfo [val]
                CALL 'public final fun read (connection: androidx.sqlite.SQLiteConnection, tableName: kotlin.String): androidx.room.util.TableInfo declared in androidx.room.util.TableInfo.Companion' type=androidx.room.util.TableInfo origin=null
                  $this: GET_FIELD 'FIELD FIELD_FOR_OBJECT_INSTANCE name:Companion type:androidx.room.util.TableInfo.Companion visibility:public [final,static] declared in androidx.room.util.TableInfo' type=androidx.room.util.TableInfo.Companion origin=null
                  connection: GET_VAR 'connection: androidx.sqlite.SQLiteConnection declared in <root>.AppDatabase_Impl.createOpenDelegate.<no name provided>.onValidateSchema' type=androidx.sqlite.SQLiteConnection origin=null
                  tableName: CONST String type=kotlin.String value="mpesa_transactions"
              WHEN type=kotlin.Unit origin=IF
                BRANCH
                  if: CALL 'public final fun not (): kotlin.Boolean [operator] declared in kotlin.Boolean' type=kotlin.Boolean origin=null
                    $this: CALL 'public open fun equals (other: kotlin.Any?): kotlin.Boolean [operator] declared in androidx.room.util.TableInfo' type=kotlin.Boolean origin=null
                      $this: GET_VAR 'val _infoMpesaTransactions: androidx.room.util.TableInfo [val] declared in <root>.AppDatabase_Impl.createOpenDelegate.<no name provided>.onValidateSchema' type=androidx.room.util.TableInfo origin=null
                      other: GET_VAR 'val _existingMpesaTransactions: androidx.room.util.TableInfo [val] declared in <root>.AppDatabase_Impl.createOpenDelegate.<no name provided>.onValidateSchema' type=androidx.room.util.TableInfo origin=null
                  then: BLOCK type=kotlin.Unit origin=null
                    RETURN type=kotlin.Nothing from='public open fun onValidateSchema (connection: androidx.sqlite.SQLiteConnection): androidx.room.RoomOpenDelegate.ValidationResult declared in <root>.AppDatabase_Impl.createOpenDelegate.<no name provided>'
                      CONSTRUCTOR_CALL 'public constructor <init> (isValid: kotlin.Boolean, expectedFoundMsg: kotlin.String?) [primary] declared in androidx.room.RoomOpenDelegate.ValidationResult' type=androidx.room.RoomOpenDelegate.ValidationResult origin=null
                        isValid: CONST Boolean type=kotlin.Boolean value=false
                        expectedFoundMsg: STRING_CONCATENATION type=kotlin.String
                          CONST String type=kotlin.String value="mpesa_transactions(MpesaTransactionEntity).\n Expected:\n"
                          GET_VAR 'val _infoMpesaTransactions: androidx.room.util.TableInfo [val] declared in <root>.AppDatabase_Impl.createOpenDelegate.<no name provided>.onValidateSchema' type=androidx.room.util.TableInfo origin=null
                          CONST String type=kotlin.String value="\n Found:\n"
                          GET_VAR 'val _existingMpesaTransactions: androidx.room.util.TableInfo [val] declared in <root>.AppDatabase_Impl.createOpenDelegate.<no name provided>.onValidateSchema' type=androidx.room.util.TableInfo origin=null
              RETURN type=kotlin.Nothing from='public open fun onValidateSchema (connection: androidx.sqlite.SQLiteConnection): androidx.room.RoomOpenDelegate.ValidationResult declared in <root>.AppDatabase_Impl.createOpenDelegate.<no name provided>'
                CONSTRUCTOR_CALL 'public constructor <init> (isValid: kotlin.Boolean, expectedFoundMsg: kotlin.String?) [primary] declared in androidx.room.RoomOpenDelegate.ValidationResult' type=androidx.room.RoomOpenDelegate.ValidationResult origin=null
                  isValid: CONST Boolean type=kotlin.Boolean value=true
                  expectedFoundMsg: CONST Null type=kotlin.Nothing? value=null
          FUN FAKE_OVERRIDE name:<get-version> visibility:public modality:FINAL <> ($this:androidx.room.RoomOpenDelegate) returnType:kotlin.Int [fake_override]
            correspondingProperty: PROPERTY FAKE_OVERRIDE name:version visibility:public modality:FINAL [fake_override,val]
            overridden:
              public final fun <get-version> (): kotlin.Int declared in androidx.room.RoomOpenDelegate
            $this: VALUE_PARAMETER name:<this> type:androidx.room.RoomOpenDelegate
          FUN FAKE_OVERRIDE name:<get-identityHash> visibility:public modality:FINAL <> ($this:androidx.room.RoomOpenDelegate) returnType:kotlin.String [fake_override]
            correspondingProperty: PROPERTY FAKE_OVERRIDE name:identityHash visibility:public modality:FINAL [fake_override,val]
            overridden:
              public final fun <get-identityHash> (): kotlin.String declared in androidx.room.RoomOpenDelegate
            $this: VALUE_PARAMETER name:<this> type:androidx.room.RoomOpenDelegate
          FUN FAKE_OVERRIDE name:<get-legacyIdentityHash> visibility:public modality:FINAL <> ($this:androidx.room.RoomOpenDelegate) returnType:kotlin.String [fake_override]
            correspondingProperty: PROPERTY FAKE_OVERRIDE name:legacyIdentityHash visibility:public modality:FINAL [fake_override,val]
            overridden:
              public final fun <get-legacyIdentityHash> (): kotlin.String declared in androidx.room.RoomOpenDelegate
            $this: VALUE_PARAMETER name:<this> type:androidx.room.RoomOpenDelegate
          FUN FAKE_OVERRIDE name:equals visibility:public modality:OPEN <> ($this:kotlin.Any, other:kotlin.Any?) returnType:kotlin.Boolean [fake_override,operator]
            overridden:
              public open fun equals (other: kotlin.Any?): kotlin.Boolean [fake_override,operator] declared in androidx.room.RoomOpenDelegate
            $this: VALUE_PARAMETER name:<this> type:kotlin.Any
            VALUE_PARAMETER name:other index:0 type:kotlin.Any?
          FUN FAKE_OVERRIDE name:hashCode visibility:public modality:OPEN <> ($this:kotlin.Any) returnType:kotlin.Int [fake_override]
            overridden:
              public open fun hashCode (): kotlin.Int [fake_override] declared in androidx.room.RoomOpenDelegate
            $this: VALUE_PARAMETER name:<this> type:kotlin.Any
          FUN FAKE_OVERRIDE name:toString visibility:public modality:OPEN <> ($this:kotlin.Any) returnType:kotlin.String [fake_override]
            overridden:
              public open fun toString (): kotlin.String [fake_override] declared in androidx.room.RoomOpenDelegate
            $this: VALUE_PARAMETER name:<this> type:kotlin.Any
          FIELD FIELD_FOR_CAPTURED_VALUE name:this$0 type:<root>.AppDatabase_Impl visibility:public/*package*/ [final]
        BLOCK type=<root>.AppDatabase_Impl.createOpenDelegate.<no name provided> origin=null
          CONSTRUCTOR_CALL 'public/*package*/ constructor <init> (this$0: <root>.AppDatabase_Impl) [primary] declared in <root>.AppDatabase_Impl.createOpenDelegate.<no name provided>' type=<root>.AppDatabase_Impl.createOpenDelegate.<no name provided> origin=OBJECT_LITERAL
            this$0: GET_VAR '<this>: <root>.AppDatabase_Impl declared in <root>.AppDatabase_Impl.createOpenDelegate' type=<root>.AppDatabase_Impl origin=null
    RETURN type=kotlin.Nothing from='protected open fun createOpenDelegate (): androidx.room.RoomOpenDelegate declared in <root>.AppDatabase_Impl'
      GET_VAR 'val _openDelegate: androidx.room.RoomOpenDelegate [val] declared in <root>.AppDatabase_Impl.createOpenDelegate' type=androidx.room.RoomOpenDelegate origin=null

	at org.jetbrains.kotlin.backend.jvm.codegen.FunctionCodegen.generate(FunctionCodegen.kt:47)
	at org.jetbrains.kotlin.backend.jvm.codegen.FunctionCodegen.generate$default(FunctionCodegen.kt:40)
	at org.jetbrains.kotlin.backend.jvm.codegen.ClassCodegen.generateMethodNode(ClassCodegen.kt:406)
	at org.jetbrains.kotlin.backend.jvm.codegen.ClassCodegen.generateMethod(ClassCodegen.kt:423)
	at org.jetbrains.kotlin.backend.jvm.codegen.ClassCodegen.generate(ClassCodegen.kt:168)
	at org.jetbrains.kotlin.backend.jvm.FileCodegen.lower(JvmPhases.kt:39)
	at org.jetbrains.kotlin.backend.common.phaser.PhaseFactoriesKt.createFilePhase$lambda$4(PhaseFactories.kt:71)
	at org.jetbrains.kotlin.backend.common.phaser.PhaseBuildersKt$createSimpleNamedCompilerPhase$1.phaseBody(PhaseBuilders.kt:69)
	at org.jetbrains.kotlin.backend.common.phaser.SimpleNamedCompilerPhase.phaseBody(CompilerPhase.kt:226)
	at org.jetbrains.kotlin.backend.common.phaser.AbstractNamedCompilerPhase.invoke(CompilerPhase.kt:113)
	at org.jetbrains.kotlin.backend.common.phaser.PerformByIrFilePhase.invokeSequential(performByIrFile.kt:62)
	... 43 more
Caused by: java.lang.NoClassDefFoundError: org/jetbrains/annotations/NotNull
	at org.jetbrains.kotlin.backend.jvm.codegen.AnnotationCodegen.generateNullabilityAnnotation$backend_jvm_codegen(AnnotationCodegen.kt:132)
	at org.jetbrains.kotlin.backend.jvm.codegen.FunctionCodegen.doGenerate(FunctionCodegen.kt:88)
	at org.jetbrains.kotlin.backend.jvm.codegen.FunctionCodegen.generate(FunctionCodegen.kt:44)
	... 53 more
Caused by: java.lang.ClassNotFoundException: org.jetbrains.annotations.NotNull
	at java.base/jdk.internal.loader.BuiltinClassLoader.loadClass(Unknown Source)
	at java.base/jdk.internal.loader.ClassLoaders$AppClassLoader.loadClass(Unknown Source)
	at java.base/java.lang.ClassLoader.loadClass(Unknown Source)
	... 56 more


